0 info it worked if it ends with ok
1 verbose cli [ 'C:\\Program Files\\nodejs\\node.exe',
1 verbose cli   'C:\\Program Files\\nodejs\\node_modules\\npm\\bin\\npm-cli.js',
1 verbose cli   'run',
1 verbose cli   'live' ]
2 info using npm@4.0.5
3 info using node@v7.4.0
4 verbose run-script [ 'prelive', 'live', 'postlive' ]
5 info lifecycle html5-audioplayer@1.0.0~prelive: html5-audioplayer@1.0.0
6 silly lifecycle html5-audioplayer@1.0.0~prelive: no script for prelive, continuing
7 info lifecycle html5-audioplayer@1.0.0~live: html5-audioplayer@1.0.0
8 verbose lifecycle html5-audioplayer@1.0.0~live: unsafe-perm in lifecycle true
9 verbose lifecycle html5-audioplayer@1.0.0~live: PATH: C:\Program Files\nodejs\node_modules\npm\bin\node-gyp-bin;C:\Users\LindseyPerkins\Documents\html5-audioplayer\node_modules\.bin;C:\Windows\system32;C:\Windows;C:\Windows\System32\Wbem;C:\Windows\System32\WindowsPowerShell\v1.0\;C:\Program Files\Git\cmd;C:\Program Files\nodejs\;C:\Program Files\Sublime Text 3;C:\Users\LindseyPerkins\AppData\Local\Microsoft\WindowsApps;C:\Users\LindseyPerkins\AppData\Local\atom\bin
10 verbose lifecycle html5-audioplayer@1.0.0~live: CWD: C:\Users\LindseyPerkins\Documents\html5-audioplayer
11 silly lifecycle html5-audioplayer@1.0.0~live: Args: [ '/d /s /c', 'echo "Web Server about to run" && reload -b' ]
12 silly lifecycle html5-audioplayer@1.0.0~live: Returned: code: 3221225786  signal: null
13 info lifecycle html5-audioplayer@1.0.0~live: Failed to exec live script
14 verbose stack Error: html5-audioplayer@1.0.0 live: `echo "Web Server about to run" && reload -b`
14 verbose stack Exit status 3221225786
14 verbose stack     at EventEmitter.<anonymous> (C:\Program Files\nodejs\node_modules\npm\lib\utils\lifecycle.js:279:16)
14 verbose stack     at emitTwo (events.js:106:13)
14 verbose stack     at EventEmitter.emit (events.js:191:7)
14 verbose stack     at ChildProcess.<anonymous> (C:\Program Files\nodejs\node_modules\npm\lib\utils\spawn.js:40:14)
14 verbose stack     at emitTwo (events.js:106:13)
14 verbose stack     at ChildProcess.emit (events.js:191:7)
14 verbose stack     at maybeClose (internal/child_process.js:885:16)
14 verbose stack     at Process.ChildProcess._handle.onexit (internal/child_process.js:226:5)
15 verbose pkgid html5-audioplayer@1.0.0
16 verbose cwd C:\Users\LindseyPerkins\Documents\html5-audioplayer
17 error Windows_NT 10.0.14393
18 error argv "C:\\Program Files\\nodejs\\node.exe" "C:\\Program Files\\nodejs\\node_modules\\npm\\bin\\npm-cli.js" "run" "live"
19 error node v7.4.0
20 error npm  v4.0.5
21 error code ELIFECYCLE
22 error html5-audioplayer@1.0.0 live: `echo "Web Server about to run" && reload -b`
22 error Exit status 3221225786
23 error Failed at the html5-audioplayer@1.0.0 live script 'echo "Web Server about to run" && reload -b'.
23 error Make sure you have the latest version of node.js and npm installed.
23 error If you do, this is most likely a problem with the html5-audioplayer package,
23 error not with npm itself.
23 error Tell the author that this fails on your system:
23 error     echo "Web Server about to run" && reload -b
23 error You can get information on how to open an issue for this project with:
23 error     npm bugs html5-audioplayer
23 error Or if that isn't available, you can get their info via:
23 error     npm owner ls html5-audioplayer
23 error There is likely additional logging output above.
24 verbose exit [ 1, true ]
